[    0.000000] Initializing cgroup subsys cpuset
[    0.000000] Initializing cgroup subsys cpu
[    0.000000] Initializing cgroup subsys cpuacct
[    0.000000] Linux version 4.4.0-178-generic (buildd@lgw01-amd64-017) (gcc version 5.4.0 20160609 (Ubuntu 5.4.0-6ubuntu1~16.04.12) ) #208-Ubuntu SMP Sun Apr 5 23:45:10 UTC 2020 (Ubuntu 4.4.0-178.208-generic 4.4.217)
[    0.000000] Command line: BOOT_IMAGE=/boot/vmlinuz-4.4.0-178-generic root=LABEL=cloudimg-rootfs ro console=tty1 console=ttyS0
[    0.000000] KERNEL supported cpus:
[    0.000000]   Intel GenuineIntel
[    0.000000]   AMD AuthenticAMD
[    0.000000]   Centaur CentaurHauls
[    0.000000] x86/fpu: xstate_offset[2]:  576, xstate_sizes[2]:  256
[    0.000000] x86/fpu: Supporting XSAVE feature 0x01: 'x87 floating point registers'
[    0.000000] x86/fpu: Supporting XSAVE feature 0x02: 'SSE registers'
[    0.000000] x86/fpu: Supporting XSAVE feature 0x04: 'AVX registers'
[    0.000000] x86/fpu: Enabled xstate features 0x7, context size is 832 bytes, using 'standard' format.
[    0.000000] e820: BIOS-provided physical RAM map:
[    0.000000] BIOS-e820: [mem 0x0000000000000000-0x000000000009fbff] usable
[    0.000000] BIOS-e820: [mem 0x000000000009fc00-0x000000000009ffff] reserved
[    0.000000] BIOS-e820: [mem 0x00000000000f0000-0x00000000000fffff] reserved
[    0.000000] BIOS-e820: [mem 0x0000000000100000-0x000000003ffeffff] usable
[    0.000000] BIOS-e820: [mem 0x000000003fff0000-0x000000003fffffff] ACPI data
[    0.000000] BIOS-e820: [mem 0x00000000fec00000-0x00000000fec00fff] reserved
[    0.000000] BIOS-e820: [mem 0x00000000fee00000-0x00000000fee00fff] reserved
[    0.000000] BIOS-e820: [mem 0x00000000fffc0000-0x00000000ffffffff] reserved
[    0.000000] NX (Execute Disable) protection: active
[    0.000000] SMBIOS 2.5 present.
[    0.000000] Hypervisor detected: KVM
[    0.000000] e820: last_pfn = 0x3fff0 max_arch_pfn = 0x400000000
[    0.000000] MTRR: Disabled
[    0.000000] x86/PAT: MTRRs disabled, skipping PAT initialization too.
[    0.000000] CPU MTRRs all blank - virtualized system.
[    0.000000] x86/PAT: Configuration [0-7]: WB  WT  UC- UC  WB  WT  UC- UC  
[    0.000000] found SMP MP-table at [mem 0x0009fff0-0x0009ffff] mapped at [ffff88000009fff0]
[    0.000000] Scanning 1 areas for low memory corruption
[    0.000000] RAMDISK: [mem 0x362e0000-0x37167fff]
[    0.000000] ACPI: Early table checksum verification disabled
[    0.000000] ACPI: RSDP 0x00000000000E0000 000024 (v02 VBOX  )
[    0.000000] ACPI: XSDT 0x000000003FFF0030 00003C (v01 VBOX   VBOXXSDT 00000001 ASL  00000061)
[    0.000000] ACPI: FACP 0x000000003FFF00F0 0000F4 (v04 VBOX   VBOXFACP 00000001 ASL  00000061)
[    0.000000] ACPI: DSDT 0x000000003FFF0470 002325 (v02 VBOX   VBOXBIOS 00000002 INTL 20100528)
[    0.000000] ACPI: FACS 0x000000003FFF0200 000040
[    0.000000] ACPI: FACS 0x000000003FFF0200 000040
[    0.000000] ACPI: APIC 0x000000003FFF0240 00005C (v02 VBOX   VBOXAPIC 00000001 ASL  00000061)
[    0.000000] ACPI: SSDT 0x000000003FFF02A0 0001CC (v01 VBOX   VBOXCPUT 00000002 INTL 20100528)
[    0.000000] No NUMA configuration found
[    0.000000] Faking a node at [mem 0x0000000000000000-0x000000003ffeffff]
[    0.000000] NODE_DATA(0) allocated [mem 0x3ffeb000-0x3ffeffff]
[    0.000000] kvm-clock: Using msrs 4b564d01 and 4b564d00
[    0.000000] kvm-clock: cpu 0, msr 0:3ffe3001, primary cpu clock
[    0.000000] kvm-clock: using sched offset of 4424904440 cycles
[    0.000000] clocksource: kvm-clock: mask: 0xffffffffffffffff max_cycles: 0x1cd42e4dffb, max_idle_ns: 881590591483 ns
[    0.000000] Zone ranges:
[    0.000000]   DMA      [mem 0x0000000000001000-0x0000000000ffffff]
[    0.000000]   DMA32    [mem 0x0000000001000000-0x000000003ffeffff]
[    0.000000]   Normal   empty
[    0.000000]   Device   empty
[    0.000000] Movable zone start for each node
[    0.000000] Early memory node ranges
[    0.000000]   node   0: [mem 0x0000000000001000-0x000000000009efff]
[    0.000000]   node   0: [mem 0x0000000000100000-0x000000003ffeffff]
[    0.000000] Initmem setup node 0 [mem 0x0000000000001000-0x000000003ffeffff]
[    0.000000] ACPI: PM-Timer IO Port: 0x4008
[    0.000000] IOAPIC[0]: apic_id 2, version 32, address 0xfec00000, GSI 0-23
[    0.000000] ACPI: INT_SRC_OVR (bus 0 bus_irq 0 global_irq 2 dfl dfl)
[    0.000000] ACPI: INT_SRC_OVR (bus 0 bus_irq 9 global_irq 9 low level)
[    0.000000] Using ACPI (MADT) for SMP configuration information
[    0.000000] smpboot: Allowing 2 CPUs, 0 hotplug CPUs
[    0.000000] PM: Registered nosave memory: [mem 0x00000000-0x00000fff]
[    0.000000] PM: Registered nosave memory: [mem 0x0009f000-0x0009ffff]
[    0.000000] PM: Registered nosave memory: [mem 0x000a0000-0x000effff]
[    0.000000] PM: Registered nosave memory: [mem 0x000f0000-0x000fffff]
[    0.000000] e820: [mem 0x40000000-0xfebfffff] available for PCI devices
[    0.000000] Booting paravirtualized kernel on KVM
[    0.000000] clocksource: refined-jiffies: mask: 0xffffffff max_cycles: 0xffffffff, max_idle_ns: 7645519600211568 ns
[    0.000000] setup_percpu: NR_CPUS:512 nr_cpumask_bits:512 nr_cpu_ids:2 nr_node_ids:1
[    0.000000] PERCPU: Embedded 33 pages/cpu @ffff88003fc00000 s95448 r8192 d31528 u1048576
[    0.000000] Built 1 zonelists in Node order, mobility grouping on.  Total pages: 257912
[    0.000000] Policy zone: DMA32
[    0.000000] Kernel command line: BOOT_IMAGE=/boot/vmlinuz-4.4.0-178-generic root=LABEL=cloudimg-rootfs ro console=tty1 console=ttyS0
[    0.000000] PID hash table entries: 4096 (order: 3, 32768 bytes)
[    0.000000] Memory: 997672K/1048120K available (8626K kernel code, 1336K rwdata, 4036K rodata, 1488K init, 1292K bss, 50448K reserved, 0K cma-reserved)
[    0.000000] SLUB: HWalign=64, Order=0-3, MinObjects=0, CPUs=2, Nodes=1
[    0.000000] Kernel/User page tables isolation: enabled
[    0.000000] Hierarchical RCU implementation.
[    0.000000] 	Build-time adjustment of leaf fanout to 64.
[    0.000000] 	RCU restricting CPUs from NR_CPUS=512 to nr_cpu_ids=2.
[    0.000000] RCU: Adjusting geometry for rcu_fanout_leaf=64, nr_cpu_ids=2
[    0.000000] NR_IRQS:33024 nr_irqs:440 16
[    0.000000] Console: colour VGA+ 80x25
[    0.000000] console [tty1] enabled
[    0.000000] console [ttyS0] enabled
[    0.000000] tsc: Detected 2304.002 MHz processor
[    0.262384] Calibrating delay loop (skipped) preset value.. 4608.00 BogoMIPS (lpj=9216008)
[    0.265483] pid_max: default: 32768 minimum: 301
[    0.267142] ACPI: Core revision 20150930
[    0.271069] ACPI: 2 ACPI AML tables successfully acquired and loaded
[    0.273300] Security Framework initialized
[    0.274804] Yama: becoming mindful.
[    0.276124] AppArmor: AppArmor initialized
[    0.277737] Dentry cache hash table entries: 131072 (order: 8, 1048576 bytes)
[    0.284085] Inode-cache hash table entries: 65536 (order: 7, 524288 bytes)
[    0.286385] Mount-cache hash table entries: 2048 (order: 2, 16384 bytes)
[    0.288473] Mountpoint-cache hash table entries: 2048 (order: 2, 16384 bytes)
[    0.290966] Initializing cgroup subsys io
[    0.292408] Initializing cgroup subsys memory
[    0.293978] Initializing cgroup subsys devices
[    0.295524] Initializing cgroup subsys freezer
[    0.297112] Initializing cgroup subsys net_cls
[    0.298661] Initializing cgroup subsys perf_event
[    0.300293] Initializing cgroup subsys net_prio
[    0.301902] Initializing cgroup subsys hugetlb
[    0.303442] Initializing cgroup subsys pids
[    0.306344] mce: CPU supports 0 MCE banks
[    0.307854] Last level iTLB entries: 4KB 64, 2MB 8, 4MB 8
[    0.309663] Last level dTLB entries: 4KB 64, 2MB 0, 4MB 0, 1GB 4
[    0.311574] Spectre V1 : Mitigation: usercopy/swapgs barriers and __user pointer sanitization
[    0.314624] Spectre V2 : Mitigation: Full generic retpoline
[    0.316429] Spectre V2 : Spectre v2 / SpectreRSB mitigation: Filling RSB on context switch
[    0.319364] Speculative Store Bypass: Vulnerable
[    0.321065] MDS: Vulnerable: Clear CPU buffers attempted, no microcode
[    0.327720] Freeing SMP alternatives memory: 36K
[    0.339234] ftrace: allocating 32308 entries in 127 pages
[    0.446033] smpboot: APIC(0) Converting physical 0 to logical package 0
[    0.448240] smpboot: Max logical packages: 1
[    0.450397] x2apic enabled
[    0.452063] Switched APIC routing to physical x2apic.
[    0.456104] ..TIMER: vector=0x30 apic1=0 pin1=2 apic2=-1 pin2=-1
[    0.566461] smpboot: CPU0: Intel(R) Core(TM) i5-8300H CPU @ 2.30GHz (family: 0x6, model: 0x9e, stepping: 0xa)
[    0.570438] Performance Events: unsupported p6 CPU model 158 no PMU driver, software events only.
[    0.590908] KVM setup paravirtual spinlock
[    0.593345] x86: Booting SMP configuration:
[    0.595009] .... node  #0, CPUs:      #1
[    0.596655] kvm-clock: cpu 1, msr 0:3ffe3041, secondary cpu clock
[    0.599452] mce: CPU supports 0 MCE banks
[    0.602406] x86: Booted up 1 node, 2 CPUs
[    0.604356] smpboot: Total of 2 processors activated (9216.00 BogoMIPS)
[    0.607456] devtmpfs: initialized
[    0.611488] evm: security.selinux
[    0.612909] evm: security.SMACK64
[    0.614351] evm: security.SMACK64EXEC
[    0.615860] evm: security.SMACK64TRANSMUTE
[    0.617500] evm: security.SMACK64MMAP
[    0.618961] evm: security.ima
[    0.620241] evm: security.capability
[    0.622028] clocksource: jiffies: mask: 0xffffffff max_cycles: 0xffffffff, max_idle_ns: 7645041785100000 ns
[    0.625578] futex hash table entries: 512 (order: 3, 32768 bytes)
[    0.628123] pinctrl core: initialized pinctrl subsystem
[    0.630149] RTC time: 18:28:04, date: 05/12/20
[    0.632082] NET: Registered protocol family 16
[    0.645592] cpuidle: using governor ladder
[    0.658400] cpuidle: using governor menu
[    0.660185] PCCT header not found.
[    0.661713] ACPI: bus type PCI registered
[    0.663300] acpiphp: ACPI Hot Plug PCI Controller Driver version: 0.5
[    0.666398] PCI: Using configuration type 1 for base access
[    0.679126] ACPI: Added _OSI(Module Device)
[    0.681263] ACPI: Added _OSI(Processor Device)
[    0.683538] ACPI: Added _OSI(3.0 _SCP Extensions)
[    0.685387] ACPI: Added _OSI(Processor Aggregator Device)
[    0.690110] ACPI: Executed 1 blocks of module-level executable AML code
[    0.697359] ACPI: Interpreter enabled
[    0.699215] ACPI: (supports S0 S5)
[    0.700796] ACPI: Using IOAPIC for interrupt routing
[    0.703103] PCI: Using host bridge windows from ACPI; if necessary, use "pci=nocrs" and report a bug
[    0.712361] ACPI: PCI Root Bridge [PCI0] (domain 0000 [bus 00-ff])
[    0.714525] acpi PNP0A03:00: _OSC: OS supports [ASPM ClockPM Segments MSI]
[    0.717479] acpi PNP0A03:00: _OSC: not requesting OS control; OS requires [ExtendedConfig ASPM ClockPM MSI]
[    0.721231] acpi PNP0A03:00: fail to add MMCONFIG information, can't access extended PCI configuration space under this bridge.
[    0.725868] PCI host bridge to bus 0000:00
[    0.727454] pci_bus 0000:00: root bus resource [io  0x0000-0x0cf7 window]
[    0.729879] pci_bus 0000:00: root bus resource [io  0x0d00-0xffff window]
[    0.732246] pci_bus 0000:00: root bus resource [mem 0x000a0000-0x000bffff window]
[    0.735381] pci_bus 0000:00: root bus resource [mem 0x40000000-0xfdffffff window]
[    0.738412] pci_bus 0000:00: root bus resource [bus 00-ff]
[    0.743349] pci 0000:00:01.1: legacy IDE quirk: reg 0x10: [io  0x01f0-0x01f7]
[    0.745896] pci 0000:00:01.1: legacy IDE quirk: reg 0x14: [io  0x03f6]
[    0.748156] pci 0000:00:01.1: legacy IDE quirk: reg 0x18: [io  0x0170-0x0177]
[    0.750568] pci 0000:00:01.1: legacy IDE quirk: reg 0x1c: [io  0x0376]
[    0.790009] pci 0000:00:07.0: quirk: [io  0x4000-0x403f] claimed by PIIX4 ACPI
[    0.792800] pci 0000:00:07.0: quirk: [io  0x4100-0x410f] claimed by PIIX4 SMB
[    0.801824] ACPI: PCI Interrupt Link [LNKA] (IRQs 5 9 10 *11)
[    0.804893] ACPI: PCI Interrupt Link [LNKB] (IRQs 5 9 *10 11)
[    0.807793] ACPI: PCI Interrupt Link [LNKC] (IRQs 5 *9 10 11)
[    0.810848] ACPI: PCI Interrupt Link [LNKD] (IRQs 5 9 10 *11)
[    0.813803] ACPI: Enabled 2 GPEs in block 00 to 07
[    0.816276] vgaarb: setting as boot device: PCI:0000:00:02.0
[    0.818431] vgaarb: device added: PCI:0000:00:02.0,decodes=io+mem,owns=io+mem,locks=none
[    0.821470] vgaarb: loaded
[    0.822672] vgaarb: bridge control possible 0000:00:02.0
[    0.824957] SCSI subsystem initialized
[    0.826723] ACPI: bus type USB registered
[    0.828327] usbcore: registered new interface driver usbfs
[    0.830296] usbcore: registered new interface driver hub
[    0.832264] usbcore: registered new device driver usb
[    0.834666] PCI: Using ACPI for IRQ routing
[    0.840742] NetLabel: Initializing
[    0.842208] NetLabel:  domain hash size = 128
[    0.843859] NetLabel:  protocols = UNLABELED CIPSOv4
[    0.845963] NetLabel:  unlabeled traffic allowed by default
[    0.848167] amd_nb: Cannot enumerate AMD northbridges
[    0.850229] clocksource: Switched to clocksource kvm-clock
[    0.867787] AppArmor: AppArmor Filesystem Enabled
[    0.869780] pnp: PnP ACPI init
[    0.872412] pnp: PnP ACPI: found 3 devices
[    0.887773] clocksource: acpi_pm: mask: 0xffffff max_cycles: 0xffffff, max_idle_ns: 2085701024 ns
[    0.891081] NET: Registered protocol family 2
[    0.893021] TCP established hash table entries: 8192 (order: 4, 65536 bytes)
[    0.895640] TCP bind hash table entries: 8192 (order: 5, 131072 bytes)
[    0.898131] TCP: Hash tables configured (established 8192 bind 8192)
[    0.900576] UDP hash table entries: 512 (order: 2, 16384 bytes)
[    0.902632] UDP-Lite hash table entries: 512 (order: 2, 16384 bytes)
[    0.904835] NET: Registered protocol family 1
[    0.906566] pci 0000:00:00.0: Limiting direct PCI/PCI transfers
[    0.908727] pci 0000:00:01.0: Activating ISA DMA hang workarounds
[    0.911041] Unpacking initramfs...
[    1.254394] Freeing initrd memory: 14880K
[    1.256103] clocksource: tsc: mask: 0xffffffffffffffff max_cycles: 0x2135f9f0f74, max_idle_ns: 440795301392 ns
[    1.259564] platform rtc_cmos: registered platform RTC device (no PNP device found)
[    1.262395] Scanning for low memory corruption every 60 seconds
[    1.264894] audit: initializing netlink subsys (disabled)
[    1.266703] audit: type=2000 audit(1589308090.530:1): initialized
[    1.269079] Initialise system trusted keyring
[    1.270972] HugeTLB registered 2 MB page size, pre-allocated 0 pages
[    1.275102] zbud: loaded
[    1.276821] VFS: Disk quotas dquot_6.6.0
[    1.278705] VFS: Dquot-cache hash table entries: 512 (order 0, 4096 bytes)
[    1.281998] squashfs: version 4.0 (2009/01/31) Phillip Lougher
[    1.284640] fuse init (API version 7.23)
[    1.286382] Key type big_key registered
[    1.288440] Allocating IMA MOK and blacklist keyrings.
[    1.293425] Key type asymmetric registered
[    1.295150] Asymmetric key parser 'x509' registered
[    1.297211] Block layer SCSI generic (bsg) driver version 0.4 loaded (major 249)
[    1.300432] io scheduler noop registered
[    1.301952] io scheduler deadline registered (default)
[    1.303880] io scheduler cfq registered
[    1.305509] pci_hotplug: PCI Hot Plug PCI Core version: 0.5
[    1.307579] pciehp: PCI Express Hot Plug Controller Driver version: 0.4
[    1.310149] ACPI: AC Adapter [AC] (off-line)
[    1.311907] input: Power Button as /devices/LNXSYSTM:00/LNXPWRBN:00/input/input0
[    1.314752] ACPI: Power Button [PWRF]
[    1.316325] input: Sleep Button as /devices/LNXSYSTM:00/LNXSLPBN:00/input/input1
[    1.319346] ACPI: Sleep Button [SLPF]
[    1.321211] GHES: HEST is not enabled!
[    1.323855] ACPI: Battery Slot [BAT0] (battery present)
[    1.325830] Serial: 8250/16550 driver, 32 ports, IRQ sharing enabled
[    1.349001] 00:02: ttyS0 at I/O 0x3f8 (irq = 4, base_baud = 115200) is a 16550A
[    1.353412] Linux agpgart interface v0.103
[    1.358019] loop: module loaded
[    1.360419] scsi host0: ata_piix
[    1.362190] scsi host1: ata_piix
[    1.363617] ata1: PATA max UDMA/33 cmd 0x1f0 ctl 0x3f6 bmdma 0xd000 irq 14
[    1.366005] ata2: PATA max UDMA/33 cmd 0x170 ctl 0x376 bmdma 0xd008 irq 15
[    1.369073] libphy: Fixed MDIO Bus: probed
[    1.370801] tun: Universal TUN/TAP device driver, 1.6
[    1.372681] tun: (C) 1999-2004 Max Krasnyansky <maxk@qualcomm.com>
[    1.374958] PPP generic driver version 2.4.2
[    1.376797] ehci_hcd: USB 2.0 'Enhanced' Host Controller (EHCI) Driver
[    1.379234] ehci-pci: EHCI PCI platform driver
[    1.380958] ehci-platform: EHCI generic platform driver
[    1.382915] ohci_hcd: USB 1.1 'Open' Host Controller (OHCI) Driver
[    1.385049] ohci-pci: OHCI PCI platform driver
[    1.386791] ohci-platform: OHCI generic platform driver
[    1.388743] uhci_hcd: USB Universal Host Controller Interface driver
[    1.391006] i8042: PNP: PS/2 Controller [PNP0303:PS2K,PNP0f03:PS2M] at 0x60,0x64 irq 1,12
[    1.394962] serio: i8042 KBD port at 0x60,0x64 irq 1
[    1.396895] serio: i8042 AUX port at 0x60,0x64 irq 12
[    1.398889] mousedev: PS/2 mouse device common for all mice
[    1.401399] rtc_cmos rtc_cmos: rtc core: registered rtc_cmos as rtc0
[    1.404085] rtc_cmos rtc_cmos: alarms up to one day, 114 bytes nvram
[    1.406300] i2c /dev entries driver
[    1.407887] device-mapper: uevent: version 1.0.3
[    1.409675] input: AT Translated Set 2 keyboard as /devices/platform/i8042/serio0/input/input2
[    1.413167] device-mapper: ioctl: 4.34.0-ioctl (2015-10-28) initialised: dm-devel@redhat.com
[    1.416488] ledtrig-cpu: registered to indicate activity on CPUs
[    1.419587] NET: Registered protocol family 10
[    1.421623] NET: Registered protocol family 17
[    1.423481] Key type dns_resolver registered
[    1.425440] registered taskstats version 1
[    1.427055] Loading compiled-in X.509 certificates
[    1.429613] Loaded X.509 cert 'Build time autogenerated kernel key: f33c437cc9123d9712070bdfe932b55b24c56047'
[    1.433296] zswap: loaded using pool lzo/zbud
[    1.438038] Key type trusted registered
[    1.445002] Key type encrypted registered
[    1.446607] AppArmor: AppArmor sha1 policy hashing enabled
[    1.448710] ima: No TPM chip found, activating TPM-bypass!
[    1.450669] ima: Allocated hash algorithm: sha1
[    1.452450] evm: HMAC attrs: 0x1
[    1.454366]   Magic number: 4:730:493
[    1.456029] rtc_cmos rtc_cmos: setting system clock to 2020-05-12 18:28:04 UTC (1589308084)
[    1.459470] BIOS EDD facility v0.16 2004-Jun-25, 0 devices found
[    1.461658] EDD information not available.
[    1.548401] Freeing unused kernel memory: 1488K
[    1.550143] Write protecting the kernel read-only data: 14336k
[    1.553012] Freeing unused kernel memory: 1604K
[    1.555074] Freeing unused kernel memory: 60K
Loading, please wait...
starting version 229
[    1.575712] random: systemd-udevd: uninitialized urandom read (16 bytes read, 3 bits of entropy available)
[    1.577245] random: udevadm: uninitialized urandom read (16 bytes read, 3 bits of entropy available)
[    1.577281] random: udevadm: uninitialized urandom read (16 bytes read, 3 bits of entropy available)
[    1.589679] random: systemd-udevd: uninitialized urandom read (16 bytes read, 3 bits of entropy available)
[    1.593738] random: udevadm: uninitialized urandom read (16 bytes read, 3 bits of entropy available)
[    1.593810] random: udevadm: uninitialized urandom read (16 bytes read, 3 bits of entropy available)
[    1.594058] random: udevadm: uninitialized urandom read (16 bytes read, 3 bits of entropy available)
[    1.594149] random: udevadm: uninitialized urandom read (16 bytes read, 3 bits of entropy available)
[    1.594294] random: udevadm: uninitialized urandom read (16 bytes read, 3 bits of entropy available)
[    1.594400] random: udevadm: uninitialized urandom read (16 bytes read, 3 bits of entropy available)
[    1.668192] e1000: Intel(R) PRO/1000 Network Driver - version 7.3.21-k8-NAPI
[    1.670773] e1000: Copyright (c) 1999-2006 Intel Corporation.
[    1.672994] Fusion MPT base driver 3.04.20
[    1.674782] Copyright (c) 1999-2008 LSI Corporation
[    1.703829] Fusion MPT SPI Host driver 3.04.20
[    1.709438] AVX2 version of gcm_enc/dec engaged.
[    1.711291] AES CTR mode by8 optimization enabled
[    1.900474] input: ImExPS/2 Generic Explorer Mouse as /devices/platform/i8042/serio1/input/input4
[    2.095453] e1000 0000:00:03.0 eth0: (PCI:33MHz:32-bit) 02:cb:9c:89:30:63
[    2.097755] e1000 0000:00:03.0 eth0: Intel(R) PRO/1000 Network Connection
[    2.101217] mptbase: ioc0: Initiating bringup
[    2.101439] e1000 0000:00:03.0 enp0s3: renamed from eth0
[    2.962105] ioc0: LSI53C1030 A0: Capabilities={Initiator}
[    5.531052] scsi host2: ioc0: LSI53C1030 A0, FwRev=00000000h, Ports=1, MaxQ=256, IRQ=20
[    8.334122] scsi 2:0:0:0: Direct-Access     VBOX     HARDDISK         1.0  PQ: 0 ANSI: 5
[    8.337257] scsi target2:0:0: Beginning Domain Validation
[    8.342476] scsi target2:0:0: Domain Validation skipping write tests
[    8.344486] scsi target2:0:0: Ending Domain Validation
[    8.346294] scsi target2:0:0: asynchronous
[    8.348403] scsi 2:0:1:0: Direct-Access     VBOX     HARDDISK         1.0  PQ: 0 ANSI: 5
[    8.351255] scsi target2:0:1: Beginning Domain Validation
[    8.354422] scsi target2:0:1: Domain Validation skipping write tests
[    8.356410] scsi target2:0:1: Ending Domain Validation
[    8.358170] scsi target2:0:1: asynchronous
[    8.389127] sd 2:0:0:0: Attached scsi generic sg0 type 0
[    8.391289] sd 2:0:0:0: [sda] 20971520 512-byte logical blocks: (10.7 GB/10.0 GiB)
[    8.394585] sd 2:0:1:0: [sdb] 20480 512-byte logical blocks: (10.5 MB/10.0 MiB)
[    8.397405] sd 2:0:1:0: Attached scsi generic sg1 type 0
[    8.399771] sd 2:0:0:0: [sda] Write Protect is off
[    8.399892] sd 2:0:1:0: [sdb] Write Protect is off
[    8.400231] sd 2:0:1:0: [sdb] Incomplete mode parameter data
[    8.400233] sd 2:0:1:0: [sdb] Assuming drive cache: write through
[    8.406460] sd 2:0:1:0: [sdb] Attached SCSI disk
[    8.410138] sd 2:0:0:0: [sda] Incomplete mode parameter data
[    8.412207] sd 2:0:0:0: [sda] Assuming drive cache: write through
[    8.417110]  sda: sda1
[    8.419540] sd 2:0:0:0: [sda] Attached SCSI disk
Begin: Loading essential drivers ... [   10.089886] md: linear personality registered for level -1
[   10.094941] md: multipath personality registered for level -4
[   10.099844] md: raid0 personality registered for level 0
[   10.106587] md: raid1 personality registered for level 1
[   10.178239] raid6: sse2x1   gen()  7817 MB/s
[   10.246495] raid6: sse2x1   xor()  5524 MB/s
[   10.314295] raid6: sse2x2   gen()  9665 MB/s
[   10.382612] raid6: sse2x2   xor()  6682 MB/s
[   10.450488] raid6: sse2x4   gen() 10971 MB/s
[   10.518311] raid6: sse2x4   xor()  7485 MB/s
[   10.586638] raid6: avx2x1   gen() 15513 MB/s
[   10.654474] raid6: avx2x2   gen() 17851 MB/s
[   10.722301] raid6: avx2x4   gen() 19229 MB/s
[   10.723947] raid6: using algorithm avx2x4 gen() 19229 MB/s
[   10.725974] raid6: using avx2x2 recovery algorithm
[   10.729599] xor: automatically using best checksumming function:
[   10.770247]    avx       : 15687.000 MB/sec
[   10.773504] async_tx: api initialized (async)
[   10.788510] md: raid6 personality registered for level 6
[   10.790483] md: raid5 personality registered for level 5
[   10.792451] md: raid4 personality registered for level 4
[   10.802880] md: raid10 personality registered for level 10
done.
Begin: Running /scripts/init-premount ... done.
Begin: Mounting root file system ... Begin: Running /scripts/local-top ... done.
Begin: Running /scripts/local-premount ... [   10.848527] Btrfs loaded
Scanning for Btrfs filesystems
done.
Warning: fsck not present, so skipping root file system
[   10.892144] EXT4-fs (sda1): mounted filesystem with ordered data mode. Opts: (null)
done.
Begin: Running /scripts/local-bottom ... done.
Begin: Running /scripts/init-bottom ... done.
[   11.036114] systemd[1]: systemd 229 running in system mode. (+PAM +AUDIT +SELINUX +IMA +APPARMOR +SMACK +SYSVINIT +UTMP +LIBCRYPTSETUP +GCRYPT +GNUTLS +ACL +XZ -LZ4 +SECCOMP +BLKID +ELFUTILS +KMOD -IDN)
[   11.042078] systemd[1]: Detected virtualization oracle.
[   11.044024] systemd[1]: Detected architecture x86-64.

Welcome to [1mUbuntu 16.04.6 LTS[0m!

[   11.049519] systemd[1]: Set hostname to <ubuntu>.
[   11.054498] systemd[1]: Initializing machine ID from random generator.
[   11.056739] systemd[1]: Installed transient /etc/machine-id file.
[   11.241929] systemd[1]: Set up automount Arbitrary Executable File Formats File System Automount Point.
[[0;32m  OK  [0m] Set up automount Arbitrary Executab...ats File System Automount Point.
[   11.255186] systemd[1]: Listening on udev Kernel Socket.
[[0;32m  OK  [0m] Listening on udev Kernel Socket.
[   11.262867] systemd[1]: Listening on LVM2 poll daemon socket.
[[0;32m  OK  [0m] Listening on LVM2 poll daemon socket.
[   11.266436] systemd[1]: Listening on Device-mapper event daemon FIFOs.
[[0;32m  OK  [0m] Listening on Device-mapper event daemon FIFOs.
[   11.270271] systemd[1]: Reached target Swap.
[[0;32m  OK  [0m] Reached target Swap.
[   11.273529] systemd[1]: Created slice System Slice.
[[0;32m  OK  [0m] Created slice System Slice.
[   11.283689] systemd[1]: Created slice system-serial\x2dgetty.slice.
[[0;32m  OK  [0m] Created slice system-serial\x2dgetty.slice.
[   11.294302] systemd[1]: Listening on Journal Socket.
[[0;32m  OK  [0m] Listening on Journal Socket.
[   11.306730] systemd[1]: Mounting Debug File System...
         Mounting Debug File System...
[   11.310699] systemd[1]: Starting Set console keymap...
         Starting Set console keymap...
[   11.314854] systemd[1]: Starting Create list of required static device nodes for the current kernel...
         Starting Create list of required st... nodes for the current kernel...
[   11.321931] systemd[1]: Starting Uncomplicated firewall...
         Starting Uncomplicated firewall...
[   11.326132] systemd[1]: Starting Nameserver information manager...
         Starting Nameserver information manager...
[   11.329731] systemd[1]: Started Trigger resolvconf update for networkd DNS.
[[0;32m  OK  [0m] Started Trigger resolvconf update for networkd DNS.
[   11.342742] systemd[1]: Reached target System Time Synchronized.
[[0;32m  OK  [0m] Reached target System Time Synchronized.
[   11.351553] systemd[1]: Mounting Huge Pages File System...
         Mounting Huge Pages File System...
[   11.355179] systemd[1]: Listening on udev Control Socket.
[[0;32m  OK  [0m] Listening on udev Control Socket.
[   11.364340] systemd[1]: Starting Remount Root and Kernel File Systems...
         Starting Remount Root and Kernel File Systems...
[   11.369611] systemd[1]: Created slice User and Session Slice.
[[0;32m  OK  [0m] Created slice User and Session Slice.
[   11.373536] systemd[1]: Reached target Slices.
[   11.374260] EXT4-fs (sda1): re-mounted. Opts: (null)
[[0;32m  OK  [0m] Reached target Slices.
[   11.378417] systemd[1]: Listening on LVM2 metadata daemon socket.
[[0;32m  OK  [0m] Listening on LVM2 metadata daemon socket.
[   11.387599] systemd[1]: Starting Monitoring of LVM2 mirrors, snapshots etc. using dmeventd or progress polling...
         Starting Monitoring of LVM2 mirrors... dmeventd or progress polling...
[   11.398653] systemd[1]: Listening on Syslog Socket.
[[0;32m  OK  [0m] Listening on Syslog Socket.
[   11.402313] systemd[1]: Mounting POSIX Message Queue File System...
         Mounting POSIX Message Queue File System...
[   11.405751] systemd[1]: Reached target User and Group Name Lookups.
[[0;32m  OK  [0m] Reached target User and Group Name Lookups.
[   11.410730] systemd[1]: Listening on Journal Audit Socket.
[[0;32m  OK  [0m] Listening on Journal Audit Socket.
[   11.421456] systemd[1]: Starting Load Kernel Modules...
         Starting Load Kernel Modules...
[   11.424344] systemd[1]: Started Forward Password Requests to Wall Directory Watch.
[[0;32m  OK  [0m] Started Forward Password Requests to Wall Directory Watch.
[   11.430301] systemd[1]: Listening on Journal Socket (/dev/log).
[[0;32m  OK  [0m] Listening on Journal Socket (/dev/log).
[   11.433664] Loading iSCSI transport class v2.0-870.
[   11.443626] iscsi: registered transport (tcp)
[   11.454638] systemd[1]: Starting Journal Service...
         Starting Journal Service...
[   11.462816] systemd[1]: Listening on /dev/initctl Compatibility Named Pipe.
[[0;32m  OK  [0m] Listening on /dev/initctl Compatibility Named Pipe.
[   11.466487] systemd[1]: Reached target Encrypted Volumes.
[[0;32m  OK  [0m] Reached target Encrypted Volumes.
[   11.477163] systemd[1]: Mounted POSIX Message Queue File System.
[[0;32m  OK  [0m] Mounted POSIX Message Queue File System.
[   11.480526] systemd[1]: Mounted Debug File System.
[[0;32m  OK  [0m] Mounted Debug File System.
[   11.486320] systemd[1]: Mounted Huge Pages File System.
[[0;32m  OK  [0m] Mounted Huge Pages File System.
[   11.489241] systemd[1]: Started Journal Service.
[[0;32m  OK  [0m] Started Journal Service.
[[0;32m  OK  [0m] Started Set console keymap.
[[0;32m  OK  [0m] Started Create list of required sta...ce nodes for the current kernel.
[[0;32m  OK  [0m] Started Uncomplicated firewall.
[   11.503221] iscsi: registered transport (iser)
[[0;32m  OK  [0m] Started Remount Root and Kernel File Systems.
[[0;32m  OK  [0m] Started Load Kernel Modules.
[[0;32m  OK  [0m] Started Nameserver information manager.
[[0;32m  OK  [0m] Started LVM2 metadata daemon.
         Mounting FUSE Control File System...
         Starting Apply Kernel Variables...
         Starting udev Coldplug all Devices...
         Starting Load/Save Random Seed...
         Starting Create Static Device Nodes in /dev...
         Starting Flush Journal to Persistent Storage...
[[0;32m  OK  [0m] Mounted FUSE Control File System.
[[0;32m  OK  [0m] Started Apply Kernel Variables.
[[0;32m  OK  [0m] Started Load/Save Random Seed.
[[0;32m  OK  [0m] Started Create Static Device Nodes in /dev.
         Starting udev Kernel Device Manager...
[[0;32m  OK  [0m] Started Flush Journal to Persistent Storage.
[[0;32m  OK  [0m] Started Monitoring of LVM2 mirrors,...ng dmeventd or progress polling.
[[0;32m  OK  [0m] Reached target Local File Systems (Pre).
[[0;32m  OK  [0m] Reached target Local File Systems.
         Starting Commit a transient machine-id on disk...
         Starting Tell Plymouth To Write Out Runtime Data...
         Starting LSB: AppArmor initialization...
         Starting Create Volatile Files and Directories...
         Starting Initial cloud-init job (pre-networking)...
         Starting Set console font and keymap...
[[0;32m  OK  [0m] Started udev Kernel Device Manager.
[[0;32m  OK  [0m] Started udev Coldplug all Devices.
[[0;32m  OK  [0m] Started Tell Plymouth To Write Out Runtime Data.
[[0;32m  OK  [0m] Started Create Volatile Files and Directories.
[[0;32m  OK  [0m] Started Commit a transient machine-id on disk.
         Starting Update UTMP about System Boot/Shutdown...
[[0;32m  OK  [0m] Started Dispatch Password Requests to Console Directory Watch.
[[0;32m  OK  [0m] Started Update UTMP about System Boot/Shutdown.
[[0;32m  OK  [0m] Found device /dev/ttyS0.
[[0;32m  OK  [0m] Listening on Load/Save RF Kill Switch Status /dev/rfkill Watch.
[   13.513081] cloud-init[489]: Cloud-init v. 19.4-33-gbb4131a2-0ubuntu1~16.04.1 running 'init-local' at Tue, 12 May 2020 18:28:16 +0000. Up 12.71 seconds.
[[0;32m  OK  [0m] Started Initial cloud-init job (pre-networking).
[[0;32m  OK  [0m] Reached target Network (Pre).
[[0;32m  OK  [0m] Started Set console font and keymap.
[[0;32m  OK  [0m] Created slice system-getty.slice.
[[0;32m  OK  [0m] Started LSB: AppArmor initialization.
         Starting Raise network interfaces...
[[0;32m  OK  [0m] Started Raise network interfaces.
[[0;32m  OK  [0m] Reached target Network.
         Starting Initial cloud-init job (metadata service crawler)...
[   16.186124] cloud-init[943]: Cloud-init v. 19.4-33-gbb4131a2-0ubuntu1~16.04.1 running 'init' at Tue, 12 May 2020 18:28:18 +0000. Up 15.38 seconds.
[   16.187973] cloud-init[943]: ci-info: ++++++++++++++++++++++++++++++++++++++Net device info++++++++++++++++++++++++++++++++++++++
[   16.200630] cloud-init[943]: ci-info: +--------+------+----------------------------+---------------+--------+-------------------+
[   16.209376] cloud-init[943]: ci-info: | Device |  Up  |          Address           |      Mask     | Scope  |     Hw-Address    |
[   16.216441] cloud-init[943]: ci-info: +--------+------+----------------------------+---------------+--------+-------------------+
[   16.224984] cloud-init[943]: ci-info: | enp0s3 | True |         10.0.2.15          | 255.255.255.0 | global | 02:cb:9c:89:30:63 |
[   16.226705] cloud-init[943]: ci-info: | enp0s3 | True | fe80::cb:9cff:fe89:3063/64 |       .       |  link  | 02:cb:9c:89:30:63 |
[   16.232766] cloud-init[943]: ci-info: |   lo   | True |         127.0.0.1          |   255.0.0.0   |  host  |         .         |
[   16.234424] cloud-init[943]: ci-info: |   lo   | True |          ::1/128           |       .       |  host  |         .         |
[   16.235909] cloud-init[943]: ci-info: +--------+------+----------------------------+---------------+--------+-------------------+
[   16.237881] cloud-init[943]: ci-info: +++++++++++++++++++++++++++Route IPv4 info++++++++++++++++++++++++++++
[   16.240529] cloud-init[943]: ci-info: +-------+-------------+----------+---------------+-----------+-------+
[   16.248426] cloud-init[943]: ci-info: | Route | Destination | Gateway  |    Genmask    | Interface | Flags |
[   16.257708] cloud-init[943]: ci-info: +-------+-------------+----------+---------------+-----------+-------+
[   16.259251] cloud-init[943]: ci-info: |   0   |   0.0.0.0   | 10.0.2.2 |    0.0.0.0    |   enp0s3  |   UG  |
[   16.272679] cloud-init[943]: ci-info: |   1   |   10.0.2.0  | 0.0.0.0  | 255.255.255.0 |   enp0s3  |   U   |
[[0;32m  OK  [0m] Started Initial cloud-init job (metadata service crawler).
[   16.272905] cloud-init[943]: ci-info: +-------+-------------+----------+---------------+-----------+-------+
[   16.273218] cloud-init[943]: ci-info: +++++++++++++++++++Route IPv6 info+++++++++++++++++++
[   16.273949] cloud-init[943]: ci-info: +-------+-------------+---------+-----------+-------+
[   16.274283] cloud-init[943]: ci-info: | Route | Destination | Gateway | Interface | Flags |
[   16.274826] cloud-init[943]: ci-info: +-------+-------------+---------+-----------+-------+
[   16.275121] cloud-init[943]: ci-info: |   0   |  fe80::/64  |    ::   |   enp0s3  |   U   |
[   16.279685] cloud-init[943]: ci-info: |   3   |   ff00::/8  |    ::   |   enp0s3  |   U   |
[   16.280644] cloud-init[943]: ci-info: +-------+-------------+---------+-----------+-------+
[   16.281085] cloud-init[943]: Generating public/private rsa key pair.
[   16.281755] cloud-init[943]: Your identification has been saved in /etc/ssh/ssh_host_rsa_key.
[   16.282442] cloud-init[943]: Your public key has been saved in /etc/ssh/ssh_host_rsa_key.pub.
[   16.282868] cloud-init[943]: The key fingerprint is:
[   16.283545] cloud-init[943]: SHA256:JwQ9QLiEmHJ98UyUcm2WX7CKRRBT7CkRpW8NKVLOGOs root@ubuntu-xenial
[   16.284078] cloud-init[943]: The key's randomart image is:
[   16.284423] cloud-init[943]: +---[RSA 2048]----+
[   16.284860] cloud-init[943]: | o o o*=OX+...   |
[   16.285312] cloud-init[943]: |+ o + o%*+*. ..  |
[   16.285754] cloud-init[943]: |.. . o+oO*+o..   |
[   16.286217] cloud-init[943]: |    .. o.=o+.    |
[   16.286649] cloud-init[943]: |      E S.= .    |
[   16.287109] cloud-init[943]: |         +       |
[   16.287543] cloud-init[943]: |                 |
[   16.288046] cloud-init[943]: |                 |
[   16.288448] cloud-init[943]: |                 |
[   16.288883] cloud-init[943]: +----[SHA256]-----+
[   16.289357] cloud-init[943]: Generating public/private dsa key pair.
[   16.289789] cloud-init[943]: Your identification has been saved in /etc/ssh/ssh_host_dsa_key.
[   16.290466] cloud-init[943]: Your public key has been saved in /etc/ssh/ssh_host_dsa_key.pub.
[   16.290926] cloud-init[943]: The key fingerprint is:
[   16.291344] cloud-init[943]: SHA256:g2C5Giiq4cO99Mfj4W22crdq2D+lEWX1JLqecYUHaYA root@ubuntu-xenial
[   16.291788] cloud-init[943]: The key's randomart image is:
[   16.292298] cloud-init[943]: +---[DSA 1024]----+
[   16.292726] cloud-init[943]: |           ...+o.|
[   16.293183] cloud-init[943]: |     .    E  +o=.|
[   16.293616] cloud-init[943]: |    +       +.. +|
[   16.294078] cloud-init[943]: | . . o .   . . o |
[   16.294517] cloud-init[943]: |o . . . S   + .  |
[   16.294974] cloud-init[943]: |o  o     . o =   |
[   16.295406] cloud-init[943]: |+ o.  ..o   *    |
[   16.295906] cloud-init[943]: |o+... .*o* +     |
[   16.296351] cloud-init[943]: |......ooB+=oo    |
[   16.296808] cloud-init[943]: +----[SHA256]-----+
[   16.297232] cloud-init[943]: Generating public/private ecdsa key pair.
[   16.297674] cloud-init[943]: Your identification has been saved in /etc/ssh/ssh_host_ecdsa_key.
[   16.298160] cloud-init[943]: Your public key has been saved in /etc/ssh/ssh_host_ecdsa_key.pub.
[   16.298591] cloud-init[943]: The key fingerprint is:
[   16.299065] cloud-init[943]: SHA256:WVE8sK4HEFllb0D4hVC4C/KPg+Wb0hGUob8qWx7blpA root@ubuntu-xenial
[   16.299501] cloud-init[943]: The key's randomart image is:
[   16.299999] cloud-init[943]: +---[ECDSA 256]---+
[   16.300449] cloud-init[943]: |      o=oBO=.    |
[   16.300923] cloud-init[943]: |     .+.o..=+    |
[   16.301357] cloud-init[943]: |    ...  oo.o.   |
[   16.301845] cloud-init[943]: |    ..o..+..     |
[   16.302278] cloud-init[943]: |     +.oS..      |
[   16.302742] cloud-init[943]: |    E +..o       |
[   16.303176] cloud-init[943]: |    o*.=. .      |
[   16.303643] cloud-init[943]: |  .oo=B...       |
[   16.304321] cloud-init[943]: |  .o+o+o         |
[   16.305000] cloud-init[943]: +----[SHA256]-----+
[   16.305434] cloud-init[943]: Generating public/private ed25519 key pair.
[   16.305911] cloud-init[943]: Your identification has been saved in /etc/ssh/ssh_host_ed25519_key.
[   16.306340] cloud-init[943]: Your public key has been saved in /etc/ssh/ssh_host_ed25519_key.pub.
[   16.307014] cloud-init[943]: The key fingerprint is:
[   16.307454] cloud-init[943]: SHA256:e+XxHSdayg4OJID1Hu/L5+sRBd5oOVIzrdQRgt9pHoI root@ubuntu-xenial
[   16.308175] cloud-init[943]: The key's randomart image is:
[   16.308823] cloud-init[943]: +--[ED25519 256]--+
[   16.309257] cloud-init[943]: |    .    .*ooo   |
[   16.309945] cloud-init[943]: |   o .  .o.Oo    |
[   16.310383] cloud-init[943]: |  . . o .+*oo.   |
[   16.310763] cloud-init[943]: |     o oEo+o=    |
[   16.311199] cloud-init[943]: |      o S .+o.o..|
[   16.311684] cloud-init[943]: |       + . =.* oo|
[   16.312356] cloud-init[943]: |        + + = . .|
[   16.312838] cloud-init[943]: |       . =.+     |
[   16.313489] cloud-init[943]: |        o+=..    |
[   16.313899] cloud-init[943]: +----[SHA256]-----+
[[0;32m  OK  [0m] Reached target Network is Online.
         Starting iSCSI initiator daemon (iscsid)...
[[0;32m  OK  [0m] Reached target System Initialization.
         Starting Socket activation for snappy daemon.
[[0;32m  OK  [0m] Started ACPI Events Check.
[[0;32m  OK  [0m] Reached target Paths.
         Starting LXD - unix socket.
[[0;32m  OK  [0m] Started Daily apt download activities.
[[0;32m  OK  [0m] Started Daily apt upgrade and clean activities.
[[0;32m  OK  [0m] Started Daily Cleanup of Temporary Directories.
[[0;32m  OK  [0m] Listening on D-Bus System Message Bus Socket.
[[0;32m  OK  [0m] Started Message of the Day.
[[0;32m  OK  [0m] Reached target Timers.
[[0;32m  OK  [0m] Listening on ACPID Listen Socket.
[[0;32m  OK  [0m] Listening on UUID daemon activation socket.
[[0;32m  OK  [0m] Reached target Cloud-config availability.
[[0;32m  OK  [0m] Listening on Socket activation for snappy daemon.
[[0;32m  OK  [0m] Listening on LXD - unix socket.
[[0;32m  OK  [0m] Reached target Sockets.
[[0;32m  OK  [0m] Reached target Basic System.
         Starting Snappy daemon...
[[0;32m  OK  [0m] Started FUSE filesystem for LXC.
         Starting LXD - container startup/shutdown...
[[0;32m  OK  [0m] Started Deferred execution scheduler.
         Starting Accounts Service...
[[0;32m  OK  [0m] Started D-Bus System Message Bus.
         Starting LSB: MD monitoring daemon...
[[0;32m  OK  [0m] Started ACPI event daemon.
         Starting /etc/rc.local Compatibility...
         Starting LSB: Record successful boot for GRUB...
         Starting Login Service...
[[0;32m  OK  [0m] Started Regular background program processing daemon.
         Starting Pollinate to seed the pseudo random number generator...
         Starting System Logging Service...
         Starting Virtualbox guest utils...
[[0;32m  OK  [0m] Started iSCSI initiator daemon (iscsid).
[[0;32m  OK  [0m] Started /etc/rc.local Compatibility.
[[0;32m  OK  [0m] Started System Logging Service.
         Starting Authenticate and Authorize Users to Run Privileged Tasks...
         Starting Login to default iSCSI targets...
[[0;32m  OK  [0m] Started Login Service.
[[0;32m  OK  [0m] Started Unattended Upgrades Shutdown.
[[0;32m  OK  [0m] Started LSB: MD monitoring daemon.
[[0;32m  OK  [0m] Started LSB: Record successful boot for GRUB.
[[0;32m  OK  [0m] Started Login to default iSCSI targets.
[[0;32m  OK  [0m] Started Authenticate and Authorize Users to Run Privileged Tasks.
[[0;32m  OK  [0m] Started Accounts Service.
[[0;32m  OK  [0m] Reached target Remote File Systems (Pre).
[[0;32m  OK  [0m] Reached target Remote File Systems.
         Starting LSB: automatic crash report generation...
         Starting LSB: Set the CPU Frequency Scaling governor to "ondemand"...
         Starting LSB: daemon to balance interrupts for SMP systems...
         Starting Permit User Sessions...
[[0;32m  OK  [0m] Started LXD - container startup/shutdown.
[[0;32m  OK  [0m] Started Permit User Sessions.
         Starting Terminate Plymouth Boot Screen...
         Starting Hold until boot process finishes up...
[[0;32m  OK  [0m] Started LSB: Set the CPU Frequency Scaling governor to "ondemand".
[[0;32m  OK  [0m] Started Terminate Plymouth Boot Screen.
[[0;32m  OK  [0m] Started Hold until boot process finishes up.
[[0;32m  OK  [0m] Started Virtualbox guest utils.
[[0;32m  OK  [0m] Started Getty on tty1.
[[0;32m  OK  [0m] Started Serial Getty on ttyS0.
[[0;32m  OK  [0m] Reached target Login Prompts.
         Starting Set console scheme...
[[0;32m  OK  [0m] Started LSB: automatic crash report generation.
[[0;32m  OK  [0m] Started LSB: daemon to balance interrupts for SMP systems.
[[0;32m  OK  [0m] Started Set console scheme.
[[0;32m  OK  [0m] Started Snappy daemon.
         Starting Wait until snapd is fully seeded...
[[0;32m  OK  [0m] Started Pollinate to seed the pseudo random number generator.
         Starting OpenBSD Secure Shell server...
[[0;32m  OK  [0m] Started OpenBSD Secure Shell server.
[[0;32m  OK  [0m] Created slice User Slice of vagrant.
         Starting User Manager for UID 1000...
[[0;32m  OK  [0m] Started Session 1 of user vagrant.
[[0;32m  OK  [0m] Started User Manager for UID 1000.
[[0;32m  OK  [0m] Started Wait until snapd is fully seeded.
         Starting Apply the settings specified in cloud-config...
[[0;32m  OK  [0m] Reached target Multi-User System.
[[0;32m  OK  [0m] Reached target Graphical Interface.
         Starting Update UTMP about System Runlevel Changes...
[[0;32m  OK  [0m] Started Update UTMP about System Runlevel Changes.
[   19.889175] cloud-init[1322]: Generating locales (this might take a while)...
[   21.452048] cloud-init[1322]:   en_US.UTF-8... done
[   21.460785] cloud-init[1322]: Generation complete.
[   21.951847] cloud-init[1322]: Cloud-init v. 19.4-33-gbb4131a2-0ubuntu1~16.04.1 running 'modules:config' at Tue, 12 May 2020 18:28:23 +0000. Up 19.64 seconds.
ci-info: no authorized SSH keys fingerprints found for user ubuntu.
<14>May 12 18:28:26 ec2: 
<14>May 12 18:28:26 ec2: #############################################################
<14>May 12 18:28:26 ec2: -----BEGIN SSH HOST KEY FINGERPRINTS-----
<14>May 12 18:28:26 ec2: 1024 SHA256:g2C5Giiq4cO99Mfj4W22crdq2D+lEWX1JLqecYUHaYA root@ubuntu-xenial (DSA)
<14>May 12 18:28:26 ec2: 256 SHA256:WVE8sK4HEFllb0D4hVC4C/KPg+Wb0hGUob8qWx7blpA root@ubuntu-xenial (ECDSA)
<14>May 12 18:28:26 ec2: 256 SHA256:e+XxHSdayg4OJID1Hu/L5+sRBd5oOVIzrdQRgt9pHoI root@ubuntu-xenial (ED25519)
<14>May 12 18:28:26 ec2: 2048 SHA256:JwQ9QLiEmHJ98UyUcm2WX7CKRRBT7CkRpW8NKVLOGOs root@ubuntu-xenial (RSA)
<14>May 12 18:28:26 ec2: -----END SSH HOST KEY FINGERPRINTS-----
<14>May 12 18:28:26 ec2: #############################################################
-----BEGIN SSH HOST KEY KEYS-----
ecdsa-sha2-nistp256 AAAAE2VjZHNhLXNoYTItbmlzdHAyNTYAAAAIbmlzdHAyNTYAAABBBDWQJ2jQHeMrTizNTZUri8uJv3AJ4pNAghnGIYrx7357kWBbceNaB0GooibsFLLbGa+kINmeLiwtpeQtgPsGD+Y= root@ubuntu-xenial
ssh-ed25519 AAAAC3NzaC1lZDI1NTE5AAAAIFyS8fm88zZc9ceO/NKYiqI9/Jk+jy2pyIA+Z5qmmSZ7 root@ubuntu-xenial
ssh-rsa AAAAB3NzaC1yc2EAAAADAQABAAABAQDkS84+OFNq/ngxECqashIh4Ho0FmtADPQJqVYfsWqYoep+6qJ2LaT8Y2ESDKyhkkK1YB9qqhA5f76SuqHxL2NywYfYgvXzQ/Efhh8eYp5c3jeooxSGfD2Z7ltHJg9tpyFY0nry4BieVRZ9Bh90Jwwdn98WJkHBVMif7yCB45I1DrmP043jpbo2VujpaZ5hJv3F2+eu/9GDKMmL9jNQnXJfaSKyFEh29Lyzwby/Hnpp+4PPEDsLtfPLaXDGPzOjFfvwCs1npPPuojz4KVorP9NTOcbuMaIfM1NrgDaYspe8H4mXa8l3Vw55XhIAC64bT00Gx0nhQcbElDwWRrZ4g8dj root@ubuntu-xenial
-----END SSH HOST KEY KEYS-----
[   22.836065] cloud-init[1521]: Cloud-init v. 19.4-33-gbb4131a2-0ubuntu1~16.04.1 running 'modules:final' at Tue, 12 May 2020 18:28:25 +0000. Up 22.59 seconds.
[   22.837147] cloud-init[1521]: ci-info: no authorized SSH keys fingerprints found for user ubuntu.
[   22.837518] cloud-init[1521]: Cloud-init v. 19.4-33-gbb4131a2-0ubuntu1~16.04.1 finished at Tue, 12 May 2020 18:28:26 +0000. Datasource DataSourceNoCloud [seed=/dev/sdb][dsmode=net].  Up 22.82 seconds

Ubuntu 16.04.6 LTS ubuntu-xenial ttyS0

ubuntu-xenial login: 